<?xml version="1.0" encoding="UTF-8"?>
<testsuite xmlns:xsi="http://www.w3.org/2001/XMLSchema-instance" xsi:noNamespaceSchemaLocation="https://maven.apache.org/surefire/maven-surefire-plugin/xsd/surefire-test-report.xsd" name="org.nineradio.SymbolTableTest" time="0.033" tests="4" errors="0" skipped="0" failures="0">
  <properties>
    <property name="gopherProxySet" value="false"/>
    <property name="awt.toolkit" value="sun.lwawt.macosx.LWCToolkit"/>
    <property name="java.specification.version" value="11"/>
    <property name="sun.cpu.isalist" value=""/>
    <property name="sun.jnu.encoding" value="UTF-8"/>
    <property name="java.class.path" value="/Users/versace/Desktop/side_projects/nand2tetris/projects/06/hack-assembler/hack-assembler/target/test-classes:/Users/versace/Desktop/side_projects/nand2tetris/projects/06/hack-assembler/hack-assembler/target/classes:/Users/versace/.m2/repository/junit/junit/4.11/junit-4.11.jar:/Users/versace/.m2/repository/org/hamcrest/hamcrest-core/1.3/hamcrest-core-1.3.jar:"/>
    <property name="java.vm.vendor" value="AdoptOpenJDK"/>
    <property name="sun.arch.data.model" value="64"/>
    <property name="java.vendor.url" value="https://adoptopenjdk.net/"/>
    <property name="user.timezone" value=""/>
    <property name="java.vm.specification.version" value="11"/>
    <property name="os.name" value="Mac OS X"/>
    <property name="sun.java.launcher" value="SUN_STANDARD"/>
    <property name="user.country" value="US"/>
    <property name="sun.boot.library.path" value="/Library/Java/JavaVirtualMachines/adoptopenjdk-11.jdk/Contents/Home/lib"/>
    <property name="sun.java.command" value="/Users/versace/Desktop/side_projects/nand2tetris/projects/06/hack-assembler/hack-assembler/target/surefire/surefirebooter1441559803375364268.jar /Users/versace/Desktop/side_projects/nand2tetris/projects/06/hack-assembler/hack-assembler/target/surefire 2020-06-25T14-12-14_541-jvmRun1 surefire10218488205890822027tmp surefire_04166386554554185224tmp"/>
    <property name="http.nonProxyHosts" value="local|*.local|169.254/16|*.169.254/16"/>
    <property name="jdk.debug" value="release"/>
    <property name="surefire.test.class.path" value="/Users/versace/Desktop/side_projects/nand2tetris/projects/06/hack-assembler/hack-assembler/target/test-classes:/Users/versace/Desktop/side_projects/nand2tetris/projects/06/hack-assembler/hack-assembler/target/classes:/Users/versace/.m2/repository/junit/junit/4.11/junit-4.11.jar:/Users/versace/.m2/repository/org/hamcrest/hamcrest-core/1.3/hamcrest-core-1.3.jar:"/>
    <property name="sun.cpu.endian" value="little"/>
    <property name="user.home" value="/Users/versace"/>
    <property name="user.language" value="en"/>
    <property name="java.specification.vendor" value="Oracle Corporation"/>
    <property name="java.version.date" value="2019-10-15"/>
    <property name="java.home" value="/Library/Java/JavaVirtualMachines/adoptopenjdk-11.jdk/Contents/Home"/>
    <property name="file.separator" value="/"/>
    <property name="basedir" value="/Users/versace/Desktop/side_projects/nand2tetris/projects/06/hack-assembler/hack-assembler"/>
    <property name="java.vm.compressedOopsMode" value="Zero based"/>
    <property name="line.separator" value="&#10;"/>
    <property name="java.specification.name" value="Java Platform API Specification"/>
    <property name="java.vm.specification.vendor" value="Oracle Corporation"/>
    <property name="java.awt.graphicsenv" value="sun.awt.CGraphicsEnvironment"/>
    <property name="surefire.real.class.path" value="/Users/versace/Desktop/side_projects/nand2tetris/projects/06/hack-assembler/hack-assembler/target/surefire/surefirebooter1441559803375364268.jar"/>
    <property name="sun.management.compiler" value="HotSpot 64-Bit Tiered Compilers"/>
    <property name="ftp.nonProxyHosts" value="local|*.local|169.254/16|*.169.254/16"/>
    <property name="java.runtime.version" value="11.0.5+10"/>
    <property name="user.name" value="versace"/>
    <property name="path.separator" value=":"/>
    <property name="os.version" value="10.14.5"/>
    <property name="java.runtime.name" value="OpenJDK Runtime Environment"/>
    <property name="file.encoding" value="UTF-8"/>
    <property name="java.vm.name" value="OpenJDK 64-Bit Server VM"/>
    <property name="java.vendor.version" value="AdoptOpenJDK"/>
    <property name="localRepository" value="/Users/versace/.m2/repository"/>
    <property name="java.vendor.url.bug" value="https://github.com/AdoptOpenJDK/openjdk-build/issues"/>
    <property name="java.io.tmpdir" value="/var/folders/c9/pcbkv3m122x4mv1zq01hmq080000gp/T/"/>
    <property name="java.version" value="11.0.5"/>
    <property name="user.dir" value="/Users/versace/Desktop/side_projects/nand2tetris/projects/06/hack-assembler/hack-assembler"/>
    <property name="os.arch" value="x86_64"/>
    <property name="java.vm.specification.name" value="Java Virtual Machine Specification"/>
    <property name="java.awt.printerjob" value="sun.lwawt.macosx.CPrinterJob"/>
    <property name="sun.os.patch.level" value="unknown"/>
    <property name="java.library.path" value="/Users/versace/Library/Java/Extensions:/Library/Java/Extensions:/Network/Library/Java/Extensions:/System/Library/Java/Extensions:/usr/lib/java:."/>
    <property name="java.vendor" value="AdoptOpenJDK"/>
    <property name="java.vm.info" value="mixed mode"/>
    <property name="java.vm.version" value="11.0.5+10"/>
    <property name="sun.io.unicode.encoding" value="UnicodeBig"/>
    <property name="java.class.version" value="55.0"/>
    <property name="socksNonProxyHosts" value="local|*.local|169.254/16|*.169.254/16"/>
  </properties>
  <testcase name="containsWorksOnPredefinedSymbol" classname="org.nineradio.SymbolTableTest" time="0"/>
  <testcase name="addEntryWorksForSymbolAddressPair" classname="org.nineradio.SymbolTableTest" time="0.001"/>
  <testcase name="addEntryWorksForNewSymbol" classname="org.nineradio.SymbolTableTest" time="0"/>
  <testcase name="containsWorksOnSymbolNotInTable" classname="org.nineradio.SymbolTableTest" time="0.001"/>
</testsuite>